Source: http://www.atsec.com/downloads/white-papers/kvm_security_comparison.pdf

+-------------------------------------------------------------------------------------------------------+
| Scenarios                                                   KVM         Xen       VMWare ESX Server*  |
+-------------------------------------------------------------------------------------------------------+
| Assurance of protection against VM accessing unassigned                                               |
| resources mediated by para-virtualized drivers             Medium       Low             N/A           |
+-------------------------------------------------------------------------------------------------------+
| Assurance of protection against VM accessing unassigned              Stubdom:Medium                   |
| resources mediated by full virtualization support software Medium    default:low        Low           |
+-------------------------------------------------------------------------------------------------------+
| Assurance of protection against subversion of trusted                                                 |
| VMM software – subversion of Hyperviso                     High          High           Medium        |
+-------------------------------------------------------------------------------------------------------+
| Assurance of protection against Subversion of trusted                 Stubdom:Medium                  |
| VMM software – subversion of other virtual machines        Medium     default:low       N/A           |
+-------------------------------------------------------------------------------------------------------+
| Assurance of protection against Subversion of trusted                  Stubdom:Medium                 |
| VMM software – subversion of boot process                  High        default:low      N/A           |
+-------------------------------------------------------------------------------------------------------+
| Assurance of protection against one VM causing a DoS of                                               |
| other VMs                                                  High          Medium         Medium        |
+-------------------------------------------------------------------------------------------------------+
| Support for sandboxing usage                               High          Medium         Low           |
+-------------------------------------------------------------------------------------------------------+
| VMs belong to different security domains                   Low           Medium         Low           |
+-------------------------------------------------------------------------------------------------------+
